AndroidStudio/capstonedesign3/capstonedesign3/app/build/intermediates/manifest_merge_blame_file/debug/manifest-merger-blame-debug-report.txt
1<?xml version="1.0" encoding="utf-8"?>
2<manifest xmlns:android="http://schemas.android.com/apk/res/android"
3    package="com.example.capstonedesign"
4    android:versionCode="1"
5    android:versionName="1.0" >
6
7    <uses-sdk
8        android:minSdkVersion="21"
8-->src\main\AndroidManifest.xml
9        android:targetSdkVersion="33" />
9-->src\main\AndroidManifest.xml
10
11    <uses-permission android:name="android.permission.VIBRATE" />
11-->src\main\AndroidManifest.xml:5:5-66
11-->src\main\AndroidManifest.xml:5:22-63
12    <uses-permission android:name="android.permission.INTERNET" />
12-->src\main\AndroidManifest.xml:6:5-67
12-->src\main\AndroidManifest.xml:6:22-64
13    <uses-permission android:name="android.permission.RECEIVE_BOOT_COMPLETED" />
13-->src\main\AndroidManifest.xml:7:5-81
13-->src\main\AndroidManifest.xml:7:22-78
14    <uses-permission android:name="android.permission.WRITE_EXTERNAL_STORAGE" />
14-->src\main\AndroidManifest.xml:8:5-81
14-->src\main\AndroidManifest.xml:8:22-78
15    <uses-permission android:name="android.permission.SET_ALARM" />
15-->src\main\AndroidManifest.xml:9:5-68
15-->src\main\AndroidManifest.xml:9:22-65
16    <uses-permission android:name="android.permission.ACCESS_NETWORK_STATE" />
16-->src\main\AndroidManifest.xml:10:5-79
16-->src\main\AndroidManifest.xml:10:22-76
17    <uses-permission android:name="android.permission.CHANGE_NETWORK_STATE" />
17-->src\main\AndroidManifest.xml:11:5-79
17-->src\main\AndroidManifest.xml:11:22-76
18
19    <permission
19-->[androidx.core:core:1.9.0] AndroidManifest.xml:22:5-24:47
20        android:name="com.example.capstonedesign.DYNAMIC_RECEIVER_NOT_EXPORTED_PERMISSION"
20-->[androidx.core:core:1.9.0] AndroidManifest.xml:23:9-81
21        android:protectionLevel="signature" />
21-->[androidx.core:core:1.9.0] AndroidManifest.xml:24:9-44
22
23    <uses-permission android:name="com.example.capstonedesign.DYNAMIC_RECEIVER_NOT_EXPORTED_PERMISSION" />
23-->[androidx.core:core:1.9.0] AndroidManifest.xml:26:5-97
23-->[androidx.core:core:1.9.0] AndroidManifest.xml:26:22-94
24
25    <application
25-->src\main\AndroidManifest.xml:13:5-58:19
26        android:allowBackup="true"
26-->src\main\AndroidManifest.xml:14:9-35
27        android:appComponentFactory="androidx.core.app.CoreComponentFactory"
27-->[androidx.core:core:1.9.0] AndroidManifest.xml:28:18-86
28        android:dataExtractionRules="@xml/data_extraction_rules"
28-->src\main\AndroidManifest.xml:15:9-65
29        android:debuggable="true"
30        android:fullBackupContent="@xml/backup_rules"
30-->src\main\AndroidManifest.xml:16:9-54
31        android:icon="@mipmap/ic_launcher"
31-->src\main\AndroidManifest.xml:17:9-43
32        android:label="@string/app_name"
32-->src\main\AndroidManifest.xml:18:9-41
33        android:roundIcon="@mipmap/ic_launcher_round"
33-->src\main\AndroidManifest.xml:19:9-54
34        android:supportsRtl="true"
34-->src\main\AndroidManifest.xml:20:9-35
35        android:testOnly="true"
36        android:theme="@style/Theme.CapstoneDesign" >
36-->src\main\AndroidManifest.xml:21:9-52
37        <service
37-->src\main\AndroidManifest.xml:24:9-27:47
38            android:name="com.example.capstonedesign.TcpService"
38-->src\main\AndroidManifest.xml:25:13-39
39            android:enabled="true"
39-->src\main\AndroidManifest.xml:26:13-35
40            android:exported="true" />
40-->src\main\AndroidManifest.xml:27:13-36
41
42        <activity
42-->src\main\AndroidManifest.xml:29:9-41:20
43            android:name="com.example.capstonedesign.MainActivity"
43-->src\main\AndroidManifest.xml:30:13-41
44            android:exported="true" >
44-->src\main\AndroidManifest.xml:31:13-36
45            <intent-filter>
45-->src\main\AndroidManifest.xml:32:13-36:29
46                <action android:name="android.intent.action.MAIN" />
46-->src\main\AndroidManifest.xml:33:17-69
46-->src\main\AndroidManifest.xml:33:25-66
47
48                <category android:name="android.intent.category.LAUNCHER" />
48-->src\main\AndroidManifest.xml:35:17-77
48-->src\main\AndroidManifest.xml:35:27-74
49            </intent-filter>
50
51            <meta-data
51-->src\main\AndroidManifest.xml:38:13-40:36
52                android:name="android.app.lib_name"
52-->src\main\AndroidManifest.xml:39:17-52
53                android:value="" />
53-->src\main\AndroidManifest.xml:40:17-33
54        </activity>
55        <activity android:name="com.example.capstonedesign.SettingActivity" />
55-->src\main\AndroidManifest.xml:42:9-53
55-->src\main\AndroidManifest.xml:42:19-50
56        <activity android:name="com.example.capstonedesign.CalenderActivity" />
56-->src\main\AndroidManifest.xml:43:9-54
56-->src\main\AndroidManifest.xml:43:19-51
57        <activity android:name="com.example.capstonedesign.ComplainActivity" />
57-->src\main\AndroidManifest.xml:44:9-54
57-->src\main\AndroidManifest.xml:44:19-51
58        <activity android:name="com.example.capstonedesign.CleaningActivity" />
58-->src\main\AndroidManifest.xml:45:9-54
58-->src\main\AndroidManifest.xml:45:19-51
59        <activity android:name="com.example.capstonedesign.TimerActivity" />
59-->src\main\AndroidManifest.xml:46:9-51
59-->src\main\AndroidManifest.xml:46:19-48
60
61        <receiver
61-->src\main\AndroidManifest.xml:48:9-55:20
62            android:name="com.example.capstonedesign.DeviceBootReceiver"
62-->src\main\AndroidManifest.xml:49:13-47
63            android:enabled="true"
63-->src\main\AndroidManifest.xml:50:13-35
64            android:exported="true" >
64-->src\main\AndroidManifest.xml:51:13-36
65            <intent-filter>
65-->src\main\AndroidManifest.xml:52:13-54:29
66                <action android:name="android.intent.action.BOOT_COMPLETED" />
66-->src\main\AndroidManifest.xml:53:17-79
66-->src\main\AndroidManifest.xml:53:25-76
67            </intent-filter>
68        </receiver> <!-- 알람 리시버를 만든 클래스 등록 -->
69        <receiver android:name="com.example.capstonedesign.CleenerStartAlarmReceiver" />
69-->src\main\AndroidManifest.xml:56:9-63
69-->src\main\AndroidManifest.xml:56:19-60
70        <receiver android:name="com.example.capstonedesign.NetworkReceiver" />
70-->src\main\AndroidManifest.xml:57:9-53
70-->src\main\AndroidManifest.xml:57:19-50
71
72        <provider
72-->[androidx.emoji2:emoji2:1.2.0] AndroidManifest.xml:24:9-32:20
73            android:name="androidx.startup.InitializationProvider"
73-->[androidx.emoji2:emoji2:1.2.0] AndroidManifest.xml:25:13-67
74            android:authorities="com.example.capstonedesign.androidx-startup"
74-->[androidx.emoji2:emoji2:1.2.0] AndroidManifest.xml:26:13-68
75            android:exported="false" >
75-->[androidx.emoji2:emoji2:1.2.0] AndroidManifest.xml:27:13-37
76            <meta-data
76-->[androidx.emoji2:emoji2:1.2.0] AndroidManifest.xml:29:13-31:52
77                android:name="androidx.emoji2.text.EmojiCompatInitializer"
77-->[androidx.emoji2:emoji2:1.2.0] AndroidManifest.xml:30:17-75
78                android:value="androidx.startup" />
78-->[androidx.emoji2:emoji2:1.2.0] AndroidManifest.xml:31:17-49
79            <meta-data
79-->[androidx.lifecycle:lifecycle-process:2.4.1] AndroidManifest.xml:31:13-33:52
80                android:name="androidx.lifecycle.ProcessLifecycleInitializer"
80-->[androidx.lifecycle:lifecycle-process:2.4.1] AndroidManifest.xml:32:17-78
81                android:value="androidx.startup" />
81-->[androidx.lifecycle:lifecycle-process:2.4.1] AndroidManifest.xml:33:17-49
82        </provider>
83    </application>
84
85</manifest>